[0.049s] DEBUG:colcon:Command line arguments: ['/usr/bin/colcon', 'build']
[0.049s] DEBUG:colcon:Parsed command line arguments: Namespace(log_base=None, log_level=None, verb_name='build', build_base='build', install_base='install', merge_install=False, symlink_install=False, test_result_base=None, continue_on_error=False, executor='parallel', parallel_workers=20, event_handlers=None, ignore_user_meta=False, metas=['./colcon.meta'], base_paths=['.'], packages_ignore=None, packages_ignore_regex=None, paths=None, packages_up_to=None, packages_up_to_regex=None, packages_above=None, packages_above_and_dependencies=None, packages_above_depth=None, packages_select_by_dep=None, packages_skip_by_dep=None, packages_skip_up_to=None, packages_select_build_failed=False, packages_skip_build_finished=False, packages_select_test_failures=False, packages_skip_test_passed=False, packages_select=None, packages_skip=None, packages_select_regex=None, packages_skip_regex=None, packages_start=None, packages_end=None, allow_overriding=[], cmake_args=None, cmake_target=None, cmake_target_skip_unavailable=False, cmake_clean_cache=False, cmake_clean_first=False, cmake_force_configure=False, ament_cmake_args=None, catkin_cmake_args=None, catkin_skip_building_tests=False, mixin_files=None, mixin=None, verb_parser=<colcon_mixin.mixin.mixin_argument.MixinArgumentDecorator object at 0x7e631ed5aa10>, verb_extension=<colcon_core.verb.build.BuildVerb object at 0x7e631ed59ba0>, main=<bound method BuildVerb.main of <colcon_core.verb.build.BuildVerb object at 0x7e631ed59ba0>>, mixin_verb=('build',))
[0.122s] Level 1:colcon.colcon_core.package_discovery:discover_packages(colcon_meta) check parameters
[0.122s] Level 1:colcon.colcon_core.package_discovery:discover_packages(recursive) check parameters
[0.122s] Level 1:colcon.colcon_core.package_discovery:discover_packages(ignore) check parameters
[0.122s] Level 1:colcon.colcon_core.package_discovery:discover_packages(path) check parameters
[0.122s] Level 1:colcon.colcon_core.package_discovery:discover_packages(colcon_meta) discover
[0.122s] Level 1:colcon.colcon_core.package_discovery:discover_packages(recursive) discover
[0.122s] INFO:colcon.colcon_core.package_discovery:Crawling recursively for packages in '/home/jiehuang/dummyxiao319/ros2'
[0.122s] Level 1:colcon.colcon_core.package_identification:_identify(.) by extensions ['ignore', 'ignore_ament_install']
[0.122s] Level 1:colcon.colcon_core.package_identification:_identify(.) by extension 'ignore'
[0.123s] Level 1:colcon.colcon_core.package_identification:_identify(.) by extension 'ignore_ament_install'
[0.123s] Level 1:colcon.colcon_core.package_identification:_identify(.) by extensions ['colcon_pkg']
[0.123s] Level 1:colcon.colcon_core.package_identification:_identify(.) by extension 'colcon_pkg'
[0.123s] Level 1:colcon.colcon_core.package_identification:_identify(.) by extensions ['colcon_meta']
[0.123s] Level 1:colcon.colcon_core.package_identification:_identify(.) by extension 'colcon_meta'
[0.123s] Level 1:colcon.colcon_core.package_identification:_identify(.) by extensions ['ros']
[0.123s] Level 1:colcon.colcon_core.package_identification:_identify(.) by extension 'ros'
[0.128s] Level 1:colcon.colcon_core.package_identification:_identify(.) by extensions ['cmake', 'python']
[0.128s] Level 1:colcon.colcon_core.package_identification:_identify(.) by extension 'cmake'
[0.128s] Level 1:colcon.colcon_core.package_identification:_identify(.) by extension 'python'
[0.128s] Level 1:colcon.colcon_core.package_identification:_identify(.) by extensions ['python_setup_py']
[0.128s] Level 1:colcon.colcon_core.package_identification:_identify(.) by extension 'python_setup_py'
[0.128s] Level 1:colcon.colcon_core.package_identification:_identify(build) by extensions ['ignore', 'ignore_ament_install']
[0.128s] Level 1:colcon.colcon_core.package_identification:_identify(build) by extension 'ignore'
[0.128s] Level 1:colcon.colcon_core.package_identification:_identify(build) ignored
[0.128s] Level 1:colcon.colcon_core.package_identification:_identify(install) by extensions ['ignore', 'ignore_ament_install']
[0.128s] Level 1:colcon.colcon_core.package_identification:_identify(install) by extension 'ignore'
[0.128s] Level 1:colcon.colcon_core.package_identification:_identify(install) ignored
[0.128s] Level 1:colcon.colcon_core.package_identification:_identify(log) by extensions ['ignore', 'ignore_ament_install']
[0.128s] Level 1:colcon.colcon_core.package_identification:_identify(log) by extension 'ignore'
[0.128s] Level 1:colcon.colcon_core.package_identification:_identify(log) ignored
[0.128s] Level 1:colcon.colcon_core.package_identification:_identify(src) by extensions ['ignore', 'ignore_ament_install']
[0.128s] Level 1:colcon.colcon_core.package_identification:_identify(src) by extension 'ignore'
[0.128s] Level 1:colcon.colcon_core.package_identification:_identify(src) by extension 'ignore_ament_install'
[0.128s] Level 1:colcon.colcon_core.package_identification:_identify(src) by extensions ['colcon_pkg']
[0.128s] Level 1:colcon.colcon_core.package_identification:_identify(src) by extension 'colcon_pkg'
[0.128s] Level 1:colcon.colcon_core.package_identification:_identify(src) by extensions ['colcon_meta']
[0.128s] Level 1:colcon.colcon_core.package_identification:_identify(src) by extension 'colcon_meta'
[0.128s] Level 1:colcon.colcon_core.package_identification:_identify(src) by extensions ['ros']
[0.128s] Level 1:colcon.colcon_core.package_identification:_identify(src) by extension 'ros'
[0.128s] Level 1:colcon.colcon_core.package_identification:_identify(src) by extensions ['cmake', 'python']
[0.128s] Level 1:colcon.colcon_core.package_identification:_identify(src) by extension 'cmake'
[0.128s] Level 1:colcon.colcon_core.package_identification:_identify(src) by extension 'python'
[0.128s] Level 1:colcon.colcon_core.package_identification:_identify(src) by extensions ['python_setup_py']
[0.128s] Level 1:colcon.colcon_core.package_identification:_identify(src) by extension 'python_setup_py'
[0.128s] Level 1:colcon.colcon_core.package_identification:_identify(src/dummyxiaox319_description) by extensions ['ignore', 'ignore_ament_install']
[0.128s] Level 1:colcon.colcon_core.package_identification:_identify(src/dummyxiaox319_description) by extension 'ignore'
[0.128s] Level 1:colcon.colcon_core.package_identification:_identify(src/dummyxiaox319_description) by extension 'ignore_ament_install'
[0.128s] Level 1:colcon.colcon_core.package_identification:_identify(src/dummyxiaox319_description) by extensions ['colcon_pkg']
[0.128s] Level 1:colcon.colcon_core.package_identification:_identify(src/dummyxiaox319_description) by extension 'colcon_pkg'
[0.128s] Level 1:colcon.colcon_core.package_identification:_identify(src/dummyxiaox319_description) by extensions ['colcon_meta']
[0.128s] Level 1:colcon.colcon_core.package_identification:_identify(src/dummyxiaox319_description) by extension 'colcon_meta'
[0.128s] Level 1:colcon.colcon_core.package_identification:_identify(src/dummyxiaox319_description) by extensions ['ros']
[0.128s] Level 1:colcon.colcon_core.package_identification:_identify(src/dummyxiaox319_description) by extension 'ros'
[0.130s] DEBUG:colcon.colcon_core.package_identification:Package 'src/dummyxiaox319_description' with type 'ros.ament_python' and name 'dummyxiaox319_description'
[0.130s] Level 1:colcon.colcon_core.package_identification:_identify(src/dummyxiaox_moveit_config) by extensions ['ignore', 'ignore_ament_install']
[0.130s] Level 1:colcon.colcon_core.package_identification:_identify(src/dummyxiaox_moveit_config) by extension 'ignore'
[0.130s] Level 1:colcon.colcon_core.package_identification:_identify(src/dummyxiaox_moveit_config) by extension 'ignore_ament_install'
[0.130s] Level 1:colcon.colcon_core.package_identification:_identify(src/dummyxiaox_moveit_config) by extensions ['colcon_pkg']
[0.130s] Level 1:colcon.colcon_core.package_identification:_identify(src/dummyxiaox_moveit_config) by extension 'colcon_pkg'
[0.130s] Level 1:colcon.colcon_core.package_identification:_identify(src/dummyxiaox_moveit_config) by extensions ['colcon_meta']
[0.130s] Level 1:colcon.colcon_core.package_identification:_identify(src/dummyxiaox_moveit_config) by extension 'colcon_meta'
[0.130s] Level 1:colcon.colcon_core.package_identification:_identify(src/dummyxiaox_moveit_config) by extensions ['ros']
[0.130s] Level 1:colcon.colcon_core.package_identification:_identify(src/dummyxiaox_moveit_config) by extension 'ros'
[0.130s] DEBUG:colcon.colcon_core.package_identification:Package 'src/dummyxiaox_moveit_config' with type 'ros.ament_cmake' and name 'dummyxiaox_moveit_config'
[0.130s] Level 1:colcon.colcon_core.package_discovery:discover_packages(recursive) using defaults
[0.130s] Level 1:colcon.colcon_core.package_discovery:discover_packages(ignore) discover
[0.130s] Level 1:colcon.colcon_core.package_discovery:discover_packages(ignore) using defaults
[0.130s] Level 1:colcon.colcon_core.package_discovery:discover_packages(path) discover
[0.130s] Level 1:colcon.colcon_core.package_discovery:discover_packages(path) using defaults
[0.145s] Level 1:colcon.colcon_core.package_discovery:discover_packages(prefix_path) check parameters
[0.145s] Level 1:colcon.colcon_core.package_discovery:discover_packages(prefix_path) discover
[0.145s] DEBUG:colcon.colcon_installed_package_information.package_discovery:Found 2 installed packages in /home/jiehuang/dummyxiao319/ros2/install
[0.146s] DEBUG:colcon.colcon_installed_package_information.package_discovery:Found 442 installed packages in /opt/ros/humble
[0.147s] Level 1:colcon.colcon_core.package_discovery:discover_packages(prefix_path) using defaults
[0.169s] Level 5:colcon.colcon_core.verb:set package 'dummyxiaox319_description' build argument 'cmake_args' from command line to 'None'
[0.169s] Level 5:colcon.colcon_core.verb:set package 'dummyxiaox319_description' build argument 'cmake_target' from command line to 'None'
[0.169s] Level 5:colcon.colcon_core.verb:set package 'dummyxiaox319_description' build argument 'cmake_target_skip_unavailable' from command line to 'False'
[0.169s] Level 5:colcon.colcon_core.verb:set package 'dummyxiaox319_description' build argument 'cmake_clean_cache' from command line to 'False'
[0.169s] Level 5:colcon.colcon_core.verb:set package 'dummyxiaox319_description' build argument 'cmake_clean_first' from command line to 'False'
[0.169s] Level 5:colcon.colcon_core.verb:set package 'dummyxiaox319_description' build argument 'cmake_force_configure' from command line to 'False'
[0.169s] Level 5:colcon.colcon_core.verb:set package 'dummyxiaox319_description' build argument 'ament_cmake_args' from command line to 'None'
[0.169s] Level 5:colcon.colcon_core.verb:set package 'dummyxiaox319_description' build argument 'catkin_cmake_args' from command line to 'None'
[0.169s] Level 5:colcon.colcon_core.verb:set package 'dummyxiaox319_description' build argument 'catkin_skip_building_tests' from command line to 'False'
[0.169s] DEBUG:colcon.colcon_core.verb:Building package 'dummyxiaox319_description' with the following arguments: {'ament_cmake_args': None, 'build_base': '/home/jiehuang/dummyxiao319/ros2/build/dummyxiaox319_description', 'catkin_cmake_args': None, 'catkin_skip_building_tests': False, 'cmake_args': None, 'cmake_clean_cache': False, 'cmake_clean_first': False, 'cmake_force_configure': False, 'cmake_target': None, 'cmake_target_skip_unavailable': False, 'install_base': '/home/jiehuang/dummyxiao319/ros2/install/dummyxiaox319_description', 'merge_install': False, 'path': '/home/jiehuang/dummyxiao319/ros2/src/dummyxiaox319_description', 'symlink_install': False, 'test_result_base': None}
[0.169s] Level 5:colcon.colcon_core.verb:set package 'dummyxiaox_moveit_config' build argument 'cmake_args' from command line to 'None'
[0.169s] Level 5:colcon.colcon_core.verb:set package 'dummyxiaox_moveit_config' build argument 'cmake_target' from command line to 'None'
[0.169s] Level 5:colcon.colcon_core.verb:set package 'dummyxiaox_moveit_config' build argument 'cmake_target_skip_unavailable' from command line to 'False'
[0.169s] Level 5:colcon.colcon_core.verb:set package 'dummyxiaox_moveit_config' build argument 'cmake_clean_cache' from command line to 'False'
[0.169s] Level 5:colcon.colcon_core.verb:set package 'dummyxiaox_moveit_config' build argument 'cmake_clean_first' from command line to 'False'
[0.169s] Level 5:colcon.colcon_core.verb:set package 'dummyxiaox_moveit_config' build argument 'cmake_force_configure' from command line to 'False'
[0.170s] Level 5:colcon.colcon_core.verb:set package 'dummyxiaox_moveit_config' build argument 'ament_cmake_args' from command line to 'None'
[0.170s] Level 5:colcon.colcon_core.verb:set package 'dummyxiaox_moveit_config' build argument 'catkin_cmake_args' from command line to 'None'
[0.170s] Level 5:colcon.colcon_core.verb:set package 'dummyxiaox_moveit_config' build argument 'catkin_skip_building_tests' from command line to 'False'
[0.170s] DEBUG:colcon.colcon_core.verb:Building package 'dummyxiaox_moveit_config' with the following arguments: {'ament_cmake_args': None, 'build_base': '/home/jiehuang/dummyxiao319/ros2/build/dummyxiaox_moveit_config', 'catkin_cmake_args': None, 'catkin_skip_building_tests': False, 'cmake_args': None, 'cmake_clean_cache': False, 'cmake_clean_first': False, 'cmake_force_configure': False, 'cmake_target': None, 'cmake_target_skip_unavailable': False, 'install_base': '/home/jiehuang/dummyxiao319/ros2/install/dummyxiaox_moveit_config', 'merge_install': False, 'path': '/home/jiehuang/dummyxiao319/ros2/src/dummyxiaox_moveit_config', 'symlink_install': False, 'test_result_base': None}
[0.170s] INFO:colcon.colcon_core.executor:Executing jobs using 'parallel' executor
[0.170s] DEBUG:colcon.colcon_parallel_executor.executor.parallel:run_until_complete
[0.170s] INFO:colcon.colcon_ros.task.ament_python.build:Building ROS package in '/home/jiehuang/dummyxiao319/ros2/src/dummyxiaox319_description' with build type 'ament_python'
[0.170s] Level 1:colcon.colcon_core.shell:create_environment_hook('dummyxiaox319_description', 'ament_prefix_path')
[0.171s] INFO:colcon.colcon_core.plugin_system:Skipping extension 'colcon_core.shell.bat': Not used on non-Windows systems
[0.171s] INFO:colcon.colcon_core.shell:Creating environment hook '/home/jiehuang/dummyxiao319/ros2/install/dummyxiaox319_description/share/dummyxiaox319_description/hook/ament_prefix_path.ps1'
[0.172s] INFO:colcon.colcon_core.shell:Creating environment descriptor '/home/jiehuang/dummyxiao319/ros2/install/dummyxiaox319_description/share/dummyxiaox319_description/hook/ament_prefix_path.dsv'
[0.172s] INFO:colcon.colcon_core.shell:Creating environment hook '/home/jiehuang/dummyxiao319/ros2/install/dummyxiaox319_description/share/dummyxiaox319_description/hook/ament_prefix_path.sh'
[0.172s] INFO:colcon.colcon_core.shell:Skip shell extension 'powershell' for command environment: Not usable outside of PowerShell
[0.172s] DEBUG:colcon.colcon_core.shell:Skip shell extension 'dsv' for command environment
[0.293s] INFO:colcon.colcon_core.task.python.build:Building Python package in '/home/jiehuang/dummyxiao319/ros2/src/dummyxiaox319_description'
[0.294s] INFO:colcon.colcon_core.shell:Skip shell extension 'powershell' for command environment: Not usable outside of PowerShell
[0.294s] DEBUG:colcon.colcon_core.shell:Skip shell extension 'dsv' for command environment
[0.461s] DEBUG:colcon.colcon_core.event_handler.log_command:Invoking command in '/home/jiehuang/dummyxiao319/ros2/src/dummyxiaox319_description': PYTHONPATH=/home/jiehuang/dummyxiao319/ros2/build/dummyxiaox319_description/prefix_override:/usr/lib/python3/dist-packages/colcon_core/task/python/colcon_distutils_commands:/home/jiehuang/dummyxiao319/ros2/install/dummyxiaox319_description/lib/python3.10/site-packages:${PYTHONPATH} /usr/bin/python3 -W ignore:setup.py install is deprecated -W ignore:easy_install command is deprecated setup.py egg_info --egg-base ../../build/dummyxiaox319_description build --build-base /home/jiehuang/dummyxiao319/ros2/build/dummyxiaox319_description/build install --record /home/jiehuang/dummyxiao319/ros2/build/dummyxiaox319_description/install.log --single-version-externally-managed install_data
[0.598s] DEBUG:colcon.colcon_core.event_handler.log_command:Invoked command in '/home/jiehuang/dummyxiao319/ros2/src/dummyxiaox319_description' returned '0': PYTHONPATH=/home/jiehuang/dummyxiao319/ros2/build/dummyxiaox319_description/prefix_override:/usr/lib/python3/dist-packages/colcon_core/task/python/colcon_distutils_commands:/home/jiehuang/dummyxiao319/ros2/install/dummyxiaox319_description/lib/python3.10/site-packages:${PYTHONPATH} /usr/bin/python3 -W ignore:setup.py install is deprecated -W ignore:easy_install command is deprecated setup.py egg_info --egg-base ../../build/dummyxiaox319_description build --build-base /home/jiehuang/dummyxiao319/ros2/build/dummyxiaox319_description/build install --record /home/jiehuang/dummyxiao319/ros2/build/dummyxiaox319_description/install.log --single-version-externally-managed install_data
[0.600s] Level 1:colcon.colcon_core.environment:checking '/home/jiehuang/dummyxiao319/ros2/install/dummyxiaox319_description' for CMake module files
[0.600s] Level 1:colcon.colcon_core.environment:checking '/home/jiehuang/dummyxiao319/ros2/install/dummyxiaox319_description' for CMake config files
[0.600s] Level 1:colcon.colcon_core.environment:checking '/home/jiehuang/dummyxiao319/ros2/install/dummyxiaox319_description/lib'
[0.600s] Level 1:colcon.colcon_core.environment:checking '/home/jiehuang/dummyxiao319/ros2/install/dummyxiaox319_description/bin'
[0.600s] Level 1:colcon.colcon_core.environment:checking '/home/jiehuang/dummyxiao319/ros2/install/dummyxiaox319_description/lib/pkgconfig/dummyxiaox319_description.pc'
[0.600s] Level 1:colcon.colcon_core.environment:checking '/home/jiehuang/dummyxiao319/ros2/install/dummyxiaox319_description/lib/python3.10/site-packages'
[0.600s] Level 1:colcon.colcon_core.shell:create_environment_hook('dummyxiaox319_description', 'pythonpath')
[0.600s] INFO:colcon.colcon_core.shell:Creating environment hook '/home/jiehuang/dummyxiao319/ros2/install/dummyxiaox319_description/share/dummyxiaox319_description/hook/pythonpath.ps1'
[0.601s] INFO:colcon.colcon_core.shell:Creating environment descriptor '/home/jiehuang/dummyxiao319/ros2/install/dummyxiaox319_description/share/dummyxiaox319_description/hook/pythonpath.dsv'
[0.601s] INFO:colcon.colcon_core.shell:Creating environment hook '/home/jiehuang/dummyxiao319/ros2/install/dummyxiaox319_description/share/dummyxiaox319_description/hook/pythonpath.sh'
[0.601s] Level 1:colcon.colcon_core.environment:checking '/home/jiehuang/dummyxiao319/ros2/install/dummyxiaox319_description/bin'
[0.601s] Level 1:colcon.colcon_core.environment:create_environment_scripts_only(dummyxiaox319_description)
[0.601s] INFO:colcon.colcon_core.shell:Creating package script '/home/jiehuang/dummyxiao319/ros2/install/dummyxiaox319_description/share/dummyxiaox319_description/package.ps1'
[0.601s] INFO:colcon.colcon_core.shell:Creating package descriptor '/home/jiehuang/dummyxiao319/ros2/install/dummyxiaox319_description/share/dummyxiaox319_description/package.dsv'
[0.602s] INFO:colcon.colcon_core.shell:Creating package script '/home/jiehuang/dummyxiao319/ros2/install/dummyxiaox319_description/share/dummyxiaox319_description/package.sh'
[0.602s] INFO:colcon.colcon_core.shell:Creating package script '/home/jiehuang/dummyxiao319/ros2/install/dummyxiaox319_description/share/dummyxiaox319_description/package.bash'
[0.602s] INFO:colcon.colcon_core.shell:Creating package script '/home/jiehuang/dummyxiao319/ros2/install/dummyxiaox319_description/share/dummyxiaox319_description/package.zsh'
[0.603s] Level 1:colcon.colcon_core.environment:create_file_with_runtime_dependencies(/home/jiehuang/dummyxiao319/ros2/install/dummyxiaox319_description/share/colcon-core/packages/dummyxiaox319_description)
[0.603s] INFO:colcon.colcon_ros.task.ament_cmake.build:Building ROS package in '/home/jiehuang/dummyxiao319/ros2/src/dummyxiaox_moveit_config' with build type 'ament_cmake'
[0.603s] INFO:colcon.colcon_cmake.task.cmake.build:Building CMake package in '/home/jiehuang/dummyxiao319/ros2/src/dummyxiaox_moveit_config'
[0.603s] INFO:colcon.colcon_core.shell:Skip shell extension 'powershell' for command environment: Not usable outside of PowerShell
[0.603s] DEBUG:colcon.colcon_core.shell:Skip shell extension 'dsv' for command environment
[0.608s] DEBUG:colcon.colcon_core.event_handler.log_command:Invoking command in '/home/jiehuang/dummyxiao319/ros2/build/dummyxiaox_moveit_config': CMAKE_PREFIX_PATH=/home/jiehuang/dummyxiao319/ros2/install/dummyxiaox319_description:/opt/ros/humble /opt/st/stm32cubeclt_1.17.0/CMake/bin/cmake --build /home/jiehuang/dummyxiao319/ros2/build/dummyxiaox_moveit_config -- -j20 -l20
[0.617s] DEBUG:colcon.colcon_core.event_handler.log_command:Invoked command in '/home/jiehuang/dummyxiao319/ros2/build/dummyxiaox_moveit_config' returned '0': CMAKE_PREFIX_PATH=/home/jiehuang/dummyxiao319/ros2/install/dummyxiaox319_description:/opt/ros/humble /opt/st/stm32cubeclt_1.17.0/CMake/bin/cmake --build /home/jiehuang/dummyxiao319/ros2/build/dummyxiaox_moveit_config -- -j20 -l20
[0.620s] DEBUG:colcon.colcon_core.event_handler.log_command:Invoking command in '/home/jiehuang/dummyxiao319/ros2/build/dummyxiaox_moveit_config': CMAKE_PREFIX_PATH=/home/jiehuang/dummyxiao319/ros2/install/dummyxiaox319_description:/opt/ros/humble /opt/st/stm32cubeclt_1.17.0/CMake/bin/cmake --install /home/jiehuang/dummyxiao319/ros2/build/dummyxiaox_moveit_config
[0.623s] Level 1:colcon.colcon_core.environment:create_environment_scripts_only(dummyxiaox_moveit_config)
[0.624s] Level 1:colcon.colcon_core.environment:checking '/home/jiehuang/dummyxiao319/ros2/install/dummyxiaox_moveit_config' for CMake module files
[0.624s] DEBUG:colcon.colcon_core.event_handler.log_command:Invoked command in '/home/jiehuang/dummyxiao319/ros2/build/dummyxiaox_moveit_config' returned '0': CMAKE_PREFIX_PATH=/home/jiehuang/dummyxiao319/ros2/install/dummyxiaox319_description:/opt/ros/humble /opt/st/stm32cubeclt_1.17.0/CMake/bin/cmake --install /home/jiehuang/dummyxiao319/ros2/build/dummyxiaox_moveit_config
[0.624s] Level 1:colcon.colcon_core.environment:checking '/home/jiehuang/dummyxiao319/ros2/install/dummyxiaox_moveit_config' for CMake config files
[0.624s] Level 1:colcon.colcon_core.shell:create_environment_hook('dummyxiaox_moveit_config', 'cmake_prefix_path')
[0.624s] INFO:colcon.colcon_core.shell:Creating environment hook '/home/jiehuang/dummyxiao319/ros2/install/dummyxiaox_moveit_config/share/dummyxiaox_moveit_config/hook/cmake_prefix_path.ps1'
[0.625s] INFO:colcon.colcon_core.shell:Creating environment descriptor '/home/jiehuang/dummyxiao319/ros2/install/dummyxiaox_moveit_config/share/dummyxiaox_moveit_config/hook/cmake_prefix_path.dsv'
[0.625s] INFO:colcon.colcon_core.shell:Creating environment hook '/home/jiehuang/dummyxiao319/ros2/install/dummyxiaox_moveit_config/share/dummyxiaox_moveit_config/hook/cmake_prefix_path.sh'
[0.625s] Level 1:colcon.colcon_core.environment:checking '/home/jiehuang/dummyxiao319/ros2/install/dummyxiaox_moveit_config/bin'
[0.625s] Level 1:colcon.colcon_core.environment:checking '/home/jiehuang/dummyxiao319/ros2/install/dummyxiaox_moveit_config/lib/pkgconfig/dummyxiaox_moveit_config.pc'
[0.625s] Level 1:colcon.colcon_core.environment:checking '/home/jiehuang/dummyxiao319/ros2/install/dummyxiaox_moveit_config/lib/python3.10/site-packages'
[0.626s] Level 1:colcon.colcon_core.environment:checking '/home/jiehuang/dummyxiao319/ros2/install/dummyxiaox_moveit_config/bin'
[0.626s] INFO:colcon.colcon_core.shell:Creating package script '/home/jiehuang/dummyxiao319/ros2/install/dummyxiaox_moveit_config/share/dummyxiaox_moveit_config/package.ps1'
[0.626s] INFO:colcon.colcon_core.shell:Creating package descriptor '/home/jiehuang/dummyxiao319/ros2/install/dummyxiaox_moveit_config/share/dummyxiaox_moveit_config/package.dsv'
[0.626s] INFO:colcon.colcon_core.shell:Creating package script '/home/jiehuang/dummyxiao319/ros2/install/dummyxiaox_moveit_config/share/dummyxiaox_moveit_config/package.sh'
[0.627s] INFO:colcon.colcon_core.shell:Creating package script '/home/jiehuang/dummyxiao319/ros2/install/dummyxiaox_moveit_config/share/dummyxiaox_moveit_config/package.bash'
[0.627s] INFO:colcon.colcon_core.shell:Creating package script '/home/jiehuang/dummyxiao319/ros2/install/dummyxiaox_moveit_config/share/dummyxiaox_moveit_config/package.zsh'
[0.628s] Level 1:colcon.colcon_core.environment:create_file_with_runtime_dependencies(/home/jiehuang/dummyxiao319/ros2/install/dummyxiaox_moveit_config/share/colcon-core/packages/dummyxiaox_moveit_config)
[0.629s] Level 1:colcon.colcon_core.environment:create_environment_scripts_only(dummyxiaox_moveit_config)
[0.629s] Level 1:colcon.colcon_core.environment:checking '/home/jiehuang/dummyxiao319/ros2/install/dummyxiaox_moveit_config' for CMake module files
[0.630s] Level 1:colcon.colcon_core.environment:checking '/home/jiehuang/dummyxiao319/ros2/install/dummyxiaox_moveit_config' for CMake config files
[0.630s] Level 1:colcon.colcon_core.shell:create_environment_hook('dummyxiaox_moveit_config', 'cmake_prefix_path')
[0.631s] INFO:colcon.colcon_core.shell:Creating environment hook '/home/jiehuang/dummyxiao319/ros2/install/dummyxiaox_moveit_config/share/dummyxiaox_moveit_config/hook/cmake_prefix_path.ps1'
[0.631s] INFO:colcon.colcon_core.shell:Creating environment descriptor '/home/jiehuang/dummyxiao319/ros2/install/dummyxiaox_moveit_config/share/dummyxiaox_moveit_config/hook/cmake_prefix_path.dsv'
[0.632s] INFO:colcon.colcon_core.shell:Creating environment hook '/home/jiehuang/dummyxiao319/ros2/install/dummyxiaox_moveit_config/share/dummyxiaox_moveit_config/hook/cmake_prefix_path.sh'
[0.632s] Level 1:colcon.colcon_core.environment:checking '/home/jiehuang/dummyxiao319/ros2/install/dummyxiaox_moveit_config/bin'
[0.632s] Level 1:colcon.colcon_core.environment:checking '/home/jiehuang/dummyxiao319/ros2/install/dummyxiaox_moveit_config/lib/pkgconfig/dummyxiaox_moveit_config.pc'
[0.632s] Level 1:colcon.colcon_core.environment:checking '/home/jiehuang/dummyxiao319/ros2/install/dummyxiaox_moveit_config/lib/python3.10/site-packages'
[0.633s] Level 1:colcon.colcon_core.environment:checking '/home/jiehuang/dummyxiao319/ros2/install/dummyxiaox_moveit_config/bin'
[0.633s] INFO:colcon.colcon_core.shell:Creating package script '/home/jiehuang/dummyxiao319/ros2/install/dummyxiaox_moveit_config/share/dummyxiaox_moveit_config/package.ps1'
[0.633s] INFO:colcon.colcon_core.shell:Creating package descriptor '/home/jiehuang/dummyxiao319/ros2/install/dummyxiaox_moveit_config/share/dummyxiaox_moveit_config/package.dsv'
[0.633s] INFO:colcon.colcon_core.shell:Creating package script '/home/jiehuang/dummyxiao319/ros2/install/dummyxiaox_moveit_config/share/dummyxiaox_moveit_config/package.sh'
[0.633s] INFO:colcon.colcon_core.shell:Creating package script '/home/jiehuang/dummyxiao319/ros2/install/dummyxiaox_moveit_config/share/dummyxiaox_moveit_config/package.bash'
[0.634s] INFO:colcon.colcon_core.shell:Creating package script '/home/jiehuang/dummyxiao319/ros2/install/dummyxiaox_moveit_config/share/dummyxiaox_moveit_config/package.zsh'
[0.634s] Level 1:colcon.colcon_core.environment:create_file_with_runtime_dependencies(/home/jiehuang/dummyxiao319/ros2/install/dummyxiaox_moveit_config/share/colcon-core/packages/dummyxiaox_moveit_config)
[0.634s] DEBUG:colcon.colcon_parallel_executor.executor.parallel:closing loop
[0.634s] DEBUG:colcon.colcon_parallel_executor.executor.parallel:loop closed
[0.634s] DEBUG:colcon.colcon_parallel_executor.executor.parallel:run_until_complete finished with '0'
[0.634s] DEBUG:colcon.colcon_core.event_reactor:joining thread
[0.637s] INFO:colcon.colcon_core.plugin_system:Skipping extension 'colcon_notification.desktop_notification.terminal_notifier': Not used on non-Darwin systems
[0.637s] INFO:colcon.colcon_core.plugin_system:Skipping extension 'colcon_notification.desktop_notification.win32': Not used on non-Windows systems
[0.637s] INFO:colcon.colcon_notification.desktop_notification:Sending desktop notification using 'notify2'
[0.642s] DEBUG:colcon.colcon_core.event_reactor:joined thread
[0.642s] INFO:colcon.colcon_core.shell:Creating prefix script '/home/jiehuang/dummyxiao319/ros2/install/local_setup.ps1'
[0.643s] INFO:colcon.colcon_core.shell:Creating prefix util module '/home/jiehuang/dummyxiao319/ros2/install/_local_setup_util_ps1.py'
[0.643s] INFO:colcon.colcon_core.shell:Creating prefix chain script '/home/jiehuang/dummyxiao319/ros2/install/setup.ps1'
[0.644s] INFO:colcon.colcon_core.shell:Creating prefix script '/home/jiehuang/dummyxiao319/ros2/install/local_setup.sh'
[0.644s] INFO:colcon.colcon_core.shell:Creating prefix util module '/home/jiehuang/dummyxiao319/ros2/install/_local_setup_util_sh.py'
[0.644s] INFO:colcon.colcon_core.shell:Creating prefix chain script '/home/jiehuang/dummyxiao319/ros2/install/setup.sh'
[0.645s] INFO:colcon.colcon_core.shell:Creating prefix script '/home/jiehuang/dummyxiao319/ros2/install/local_setup.bash'
[0.645s] INFO:colcon.colcon_core.shell:Creating prefix chain script '/home/jiehuang/dummyxiao319/ros2/install/setup.bash'
[0.645s] INFO:colcon.colcon_core.shell:Creating prefix script '/home/jiehuang/dummyxiao319/ros2/install/local_setup.zsh'
[0.645s] INFO:colcon.colcon_core.shell:Creating prefix chain script '/home/jiehuang/dummyxiao319/ros2/install/setup.zsh'
