[0.005s] Invoking command in '/home/jiehuang/dummyxiao319/ros2/build/dummyxiaox_moveit_config': CMAKE_PREFIX_PATH=/home/jiehuang/dummyxiao319/ros2/install/dummyxiaox319_description:/opt/ros/humble /opt/st/stm32cubeclt_1.17.0/CMake/bin/cmake /home/jiehuang/dummyxiao319/ros2/src/dummyxiaox_moveit_config -DCMAKE_INSTALL_PREFIX=/home/jiehuang/dummyxiao319/ros2/install/dummyxiaox_moveit_config
[0.073s] -- The C compiler identification is GNU 11.4.0
[0.139s] -- The CXX compiler identification is GNU 11.4.0
[0.152s] -- Detecting C compiler ABI info
[0.206s] -- Detecting C compiler ABI info - done
[0.216s] -- Check for working C compiler: /usr/bin/cc - skipped
[0.216s] -- Detecting C compile features
[0.216s] -- Detecting C compile features - done
[0.222s] -- Detecting CXX compiler ABI info
[0.274s] -- Detecting CXX compiler ABI info - done
[0.283s] -- Check for working CXX compiler: /usr/bin/c++ - skipped
[0.283s] -- Detecting CXX compile features
[0.284s] -- Detecting CXX compile features - done
[0.292s] -- Found ament_cmake: 1.3.13 (/opt/ros/humble/share/ament_cmake/cmake)
[0.362s] -- Found Python3: /usr/bin/python3 (found version "3.10.12") found components: Interpreter 
[0.448s] -- Configuring done (0.4s)
[0.449s] -- Generating done (0.0s)
[0.450s] -- Build files have been written to: /home/jiehuang/dummyxiao319/ros2/build/dummyxiaox_moveit_config
[0.452s] Invoked command in '/home/jiehuang/dummyxiao319/ros2/build/dummyxiaox_moveit_config' returned '0': CMAKE_PREFIX_PATH=/home/jiehuang/dummyxiao319/ros2/install/dummyxiaox319_description:/opt/ros/humble /opt/st/stm32cubeclt_1.17.0/CMake/bin/cmake /home/jiehuang/dummyxiao319/ros2/src/dummyxiaox_moveit_config -DCMAKE_INSTALL_PREFIX=/home/jiehuang/dummyxiao319/ros2/install/dummyxiaox_moveit_config
[0.454s] Invoking command in '/home/jiehuang/dummyxiao319/ros2/build/dummyxiaox_moveit_config': CMAKE_PREFIX_PATH=/home/jiehuang/dummyxiao319/ros2/install/dummyxiaox319_description:/opt/ros/humble /opt/st/stm32cubeclt_1.17.0/CMake/bin/cmake --build /home/jiehuang/dummyxiao319/ros2/build/dummyxiaox_moveit_config -- -j20 -l20
[0.463s] Invoked command in '/home/jiehuang/dummyxiao319/ros2/build/dummyxiaox_moveit_config' returned '0': CMAKE_PREFIX_PATH=/home/jiehuang/dummyxiao319/ros2/install/dummyxiaox319_description:/opt/ros/humble /opt/st/stm32cubeclt_1.17.0/CMake/bin/cmake --build /home/jiehuang/dummyxiao319/ros2/build/dummyxiaox_moveit_config -- -j20 -l20
[0.465s] Invoking command in '/home/jiehuang/dummyxiao319/ros2/build/dummyxiaox_moveit_config': CMAKE_PREFIX_PATH=/home/jiehuang/dummyxiao319/ros2/install/dummyxiaox319_description:/opt/ros/humble /opt/st/stm32cubeclt_1.17.0/CMake/bin/cmake --install /home/jiehuang/dummyxiao319/ros2/build/dummyxiaox_moveit_config
[0.466s] -- Install configuration: ""
[0.466s] -- Installing: /home/jiehuang/dummyxiao319/ros2/install/dummyxiaox_moveit_config/share/ament_index/resource_index/package_run_dependencies/dummyxiaox_moveit_config
[0.466s] -- Installing: /home/jiehuang/dummyxiao319/ros2/install/dummyxiaox_moveit_config/share/ament_index/resource_index/parent_prefix_path/dummyxiaox_moveit_config
[0.466s] -- Installing: /home/jiehuang/dummyxiao319/ros2/install/dummyxiaox_moveit_config/share/dummyxiaox_moveit_config/environment/ament_prefix_path.sh
[0.466s] -- Installing: /home/jiehuang/dummyxiao319/ros2/install/dummyxiaox_moveit_config/share/dummyxiaox_moveit_config/environment/ament_prefix_path.dsv
[0.466s] -- Installing: /home/jiehuang/dummyxiao319/ros2/install/dummyxiaox_moveit_config/share/dummyxiaox_moveit_config/environment/path.sh
[0.466s] -- Installing: /home/jiehuang/dummyxiao319/ros2/install/dummyxiaox_moveit_config/share/dummyxiaox_moveit_config/environment/path.dsv
[0.467s] -- Installing: /home/jiehuang/dummyxiao319/ros2/install/dummyxiaox_moveit_config/share/dummyxiaox_moveit_config/local_setup.bash
[0.467s] -- Installing: /home/jiehuang/dummyxiao319/ros2/install/dummyxiaox_moveit_config/share/dummyxiaox_moveit_config/local_setup.sh
[0.467s] -- Installing: /home/jiehuang/dummyxiao319/ros2/install/dummyxiaox_moveit_config/share/dummyxiaox_moveit_config/local_setup.zsh
[0.467s] -- Installing: /home/jiehuang/dummyxiao319/ros2/install/dummyxiaox_moveit_config/share/dummyxiaox_moveit_config/local_setup.dsv
[0.467s] -- Installing: /home/jiehuang/dummyxiao319/ros2/install/dummyxiaox_moveit_config/share/dummyxiaox_moveit_config/package.dsv
[0.467s] -- Installing: /home/jiehuang/dummyxiao319/ros2/install/dummyxiaox_moveit_config/share/ament_index/resource_index/packages/dummyxiaox_moveit_config
[0.467s] -- Installing: /home/jiehuang/dummyxiao319/ros2/install/dummyxiaox_moveit_config/share/dummyxiaox_moveit_config/cmake/dummyxiaox_moveit_configConfig.cmake
[0.467s] -- Installing: /home/jiehuang/dummyxiao319/ros2/install/dummyxiaox_moveit_config/share/dummyxiaox_moveit_config/cmake/dummyxiaox_moveit_configConfig-version.cmake
[0.467s] -- Installing: /home/jiehuang/dummyxiao319/ros2/install/dummyxiaox_moveit_config/share/dummyxiaox_moveit_config/package.xml
[0.467s] -- Installing: /home/jiehuang/dummyxiao319/ros2/install/dummyxiaox_moveit_config/share/dummyxiaox_moveit_config/launch
[0.467s] -- Installing: /home/jiehuang/dummyxiao319/ros2/install/dummyxiaox_moveit_config/share/dummyxiaox_moveit_config/launch/warehouse_db.launch.py
[0.467s] -- Installing: /home/jiehuang/dummyxiao319/ros2/install/dummyxiaox_moveit_config/share/dummyxiaox_moveit_config/launch/demo.launch.py
[0.467s] -- Installing: /home/jiehuang/dummyxiao319/ros2/install/dummyxiaox_moveit_config/share/dummyxiaox_moveit_config/launch/move_group.launch.py
[0.467s] -- Installing: /home/jiehuang/dummyxiao319/ros2/install/dummyxiaox_moveit_config/share/dummyxiaox_moveit_config/launch/setup_assistant.launch.py
[0.467s] -- Installing: /home/jiehuang/dummyxiao319/ros2/install/dummyxiaox_moveit_config/share/dummyxiaox_moveit_config/launch/rsp.launch.py
[0.467s] -- Installing: /home/jiehuang/dummyxiao319/ros2/install/dummyxiaox_moveit_config/share/dummyxiaox_moveit_config/launch/moveit_rviz.launch.py
[0.467s] -- Installing: /home/jiehuang/dummyxiao319/ros2/install/dummyxiaox_moveit_config/share/dummyxiaox_moveit_config/launch/spawn_controllers.launch.py
[0.467s] -- Installing: /home/jiehuang/dummyxiao319/ros2/install/dummyxiaox_moveit_config/share/dummyxiaox_moveit_config/launch/static_virtual_joint_tfs.launch.py
[0.467s] -- Installing: /home/jiehuang/dummyxiao319/ros2/install/dummyxiaox_moveit_config/share/dummyxiaox_moveit_config/config
[0.467s] -- Installing: /home/jiehuang/dummyxiao319/ros2/install/dummyxiaox_moveit_config/share/dummyxiaox_moveit_config/config/initial_positions.yaml
[0.467s] -- Installing: /home/jiehuang/dummyxiao319/ros2/install/dummyxiaox_moveit_config/share/dummyxiaox_moveit_config/config/moveit_controllers.yaml
[0.467s] -- Installing: /home/jiehuang/dummyxiao319/ros2/install/dummyxiaox_moveit_config/share/dummyxiaox_moveit_config/config/ros2_controllers.yaml
[0.467s] -- Installing: /home/jiehuang/dummyxiao319/ros2/install/dummyxiaox_moveit_config/share/dummyxiaox_moveit_config/config/kinematics.yaml
[0.467s] -- Installing: /home/jiehuang/dummyxiao319/ros2/install/dummyxiaox_moveit_config/share/dummyxiaox_moveit_config/config/dummy.urdf.xacro
[0.467s] -- Installing: /home/jiehuang/dummyxiao319/ros2/install/dummyxiaox_moveit_config/share/dummyxiaox_moveit_config/config/moveit.rviz
[0.468s] -- Installing: /home/jiehuang/dummyxiao319/ros2/install/dummyxiaox_moveit_config/share/dummyxiaox_moveit_config/config/joint_limits.yaml
[0.468s] -- Installing: /home/jiehuang/dummyxiao319/ros2/install/dummyxiaox_moveit_config/share/dummyxiaox_moveit_config/config/dummy.srdf
[0.468s] -- Installing: /home/jiehuang/dummyxiao319/ros2/install/dummyxiaox_moveit_config/share/dummyxiaox_moveit_config/config/pilz_cartesian_limits.yaml
[0.468s] -- Installing: /home/jiehuang/dummyxiao319/ros2/install/dummyxiaox_moveit_config/share/dummyxiaox_moveit_config/config/dummy.ros2_control.xacro
[0.468s] -- Installing: /home/jiehuang/dummyxiao319/ros2/install/dummyxiaox_moveit_config/share/dummyxiaox_moveit_config/.setup_assistant
[0.468s] Invoked command in '/home/jiehuang/dummyxiao319/ros2/build/dummyxiaox_moveit_config' returned '0': CMAKE_PREFIX_PATH=/home/jiehuang/dummyxiao319/ros2/install/dummyxiaox319_description:/opt/ros/humble /opt/st/stm32cubeclt_1.17.0/CMake/bin/cmake --install /home/jiehuang/dummyxiao319/ros2/build/dummyxiaox_moveit_config
