/home/jiehuang/dummyxiao319/ros2/install/dummyxiaox319_description/lib/python3.10/site-packages/dummyxiaox319_description/__init__.py
/home/jiehuang/dummyxiao319/ros2/install/dummyxiaox319_description/lib/python3.10/site-packages/dummyxiaox319_description/__pycache__/__init__.cpython-310.pyc
/home/jiehuang/dummyxiao319/ros2/install/dummyxiaox319_description/share/ament_index/resource_index/packages/dummyxiaox319_description
/home/jiehuang/dummyxiao319/ros2/install/dummyxiaox319_description/share/dummyxiaox319_description/package.xml
/home/jiehuang/dummyxiao319/ros2/install/dummyxiaox319_description/share/dummyxiaox319_description/launch/gazebo.launch.py
/home/jiehuang/dummyxiao319/ros2/install/dummyxiaox319_description/share/dummyxiaox319_description/launch/display.launch.py
/home/jiehuang/dummyxiao319/ros2/install/dummyxiaox319_description/share/dummyxiaox319_description/urdf/dummy_ros2_control.xacro
/home/jiehuang/dummyxiao319/ros2/install/dummyxiaox319_description/share/dummyxiaox319_description/urdf/mydummy.urdf
/home/jiehuang/dummyxiao319/ros2/install/dummyxiaox319_description/share/dummyxiaox319_description/config/rviz.rviz
/home/jiehuang/dummyxiao319/ros2/install/dummyxiaox319_description/share/dummyxiaox319_description/meshes/link1.stl
/home/jiehuang/dummyxiao319/ros2/install/dummyxiaox319_description/share/dummyxiaox319_description/meshes/link3.stl
/home/jiehuang/dummyxiao319/ros2/install/dummyxiaox319_description/share/dummyxiaox319_description/meshes/link4.stl
/home/jiehuang/dummyxiao319/ros2/install/dummyxiaox319_description/share/dummyxiaox319_description/meshes/base_link.stl
/home/jiehuang/dummyxiao319/ros2/install/dummyxiaox319_description/share/dummyxiaox319_description/meshes/link6.stl
/home/jiehuang/dummyxiao319/ros2/install/dummyxiaox319_description/share/dummyxiaox319_description/meshes/link5.stl
/home/jiehuang/dummyxiao319/ros2/install/dummyxiaox319_description/share/dummyxiaox319_description/meshes/link2.stl
/home/jiehuang/dummyxiao319/ros2/install/dummyxiaox319_description/lib/python3.10/site-packages/dummyxiaox319_description-0.0.0-py3.10.egg-info/SOURCES.txt
/home/jiehuang/dummyxiao319/ros2/install/dummyxiaox319_description/lib/python3.10/site-packages/dummyxiaox319_description-0.0.0-py3.10.egg-info/dependency_links.txt
/home/jiehuang/dummyxiao319/ros2/install/dummyxiaox319_description/lib/python3.10/site-packages/dummyxiaox319_description-0.0.0-py3.10.egg-info/PKG-INFO
/home/jiehuang/dummyxiao319/ros2/install/dummyxiaox319_description/lib/python3.10/site-packages/dummyxiaox319_description-0.0.0-py3.10.egg-info/zip-safe
/home/jiehuang/dummyxiao319/ros2/install/dummyxiaox319_description/lib/python3.10/site-packages/dummyxiaox319_description-0.0.0-py3.10.egg-info/entry_points.txt
/home/jiehuang/dummyxiao319/ros2/install/dummyxiaox319_description/lib/python3.10/site-packages/dummyxiaox319_description-0.0.0-py3.10.egg-info/requires.txt
/home/jiehuang/dummyxiao319/ros2/install/dummyxiaox319_description/lib/python3.10/site-packages/dummyxiaox319_description-0.0.0-py3.10.egg-info/top_level.txt
