running egg_info
creating ../../build/dummyxiaox319_description/dummyxiaox319_description.egg-info
writing ../../build/dummyxiaox319_description/dummyxiaox319_description.egg-info/PKG-INFO
writing dependency_links to ../../build/dummyxiaox319_description/dummyxiaox319_description.egg-info/dependency_links.txt
writing entry points to ../../build/dummyxiaox319_description/dummyxiaox319_description.egg-info/entry_points.txt
writing requirements to ../../build/dummyxiaox319_description/dummyxiaox319_description.egg-info/requires.txt
writing top-level names to ../../build/dummyxiaox319_description/dummyxiaox319_description.egg-info/top_level.txt
writing manifest file '../../build/dummyxiaox319_description/dummyxiaox319_description.egg-info/SOURCES.txt'
reading manifest file '../../build/dummyxiaox319_description/dummyxiaox319_description.egg-info/SOURCES.txt'
writing manifest file '../../build/dummyxiaox319_description/dummyxiaox319_description.egg-info/SOURCES.txt'
running build
running build_py
creating /home/jiehuang/dummyxiao319/ros2/build/dummyxiaox319_description/build
creating /home/jiehuang/dummyxiao319/ros2/build/dummyxiaox319_description/build/lib
creating /home/jiehuang/dummyxiao319/ros2/build/dummyxiaox319_description/build/lib/dummyxiaox319_description
copying dummyxiaox319_description/__init__.py -> /home/jiehuang/dummyxiao319/ros2/build/dummyxiaox319_description/build/lib/dummyxiaox319_description
running install
running install_lib
creating /home/jiehuang/dummyxiao319/ros2/install/dummyxiaox319_description/lib/python3.10/site-packages/dummyxiaox319_description
copying /home/jiehuang/dummyxiao319/ros2/build/dummyxiaox319_description/build/lib/dummyxiaox319_description/__init__.py -> /home/jiehuang/dummyxiao319/ros2/install/dummyxiaox319_description/lib/python3.10/site-packages/dummyxiaox319_description
byte-compiling /home/jiehuang/dummyxiao319/ros2/install/dummyxiaox319_description/lib/python3.10/site-packages/dummyxiaox319_description/__init__.py to __init__.cpython-310.pyc
running install_data
creating /home/jiehuang/dummyxiao319/ros2/install/dummyxiaox319_description/share/ament_index
creating /home/jiehuang/dummyxiao319/ros2/install/dummyxiaox319_description/share/ament_index/resource_index
creating /home/jiehuang/dummyxiao319/ros2/install/dummyxiaox319_description/share/ament_index/resource_index/packages
copying resource/dummyxiaox319_description -> /home/jiehuang/dummyxiao319/ros2/install/dummyxiaox319_description/share/ament_index/resource_index/packages
copying package.xml -> /home/jiehuang/dummyxiao319/ros2/install/dummyxiaox319_description/share/dummyxiaox319_description
creating /home/jiehuang/dummyxiao319/ros2/install/dummyxiaox319_description/share/dummyxiaox319_description/launch
copying launch/gazebo.launch.py -> /home/jiehuang/dummyxiao319/ros2/install/dummyxiaox319_description/share/dummyxiaox319_description/launch
copying launch/display.launch.py -> /home/jiehuang/dummyxiao319/ros2/install/dummyxiaox319_description/share/dummyxiaox319_description/launch
creating /home/jiehuang/dummyxiao319/ros2/install/dummyxiaox319_description/share/dummyxiaox319_description/urdf
copying urdf/dummy_ros2_control.xacro -> /home/jiehuang/dummyxiao319/ros2/install/dummyxiaox319_description/share/dummyxiaox319_description/urdf
copying urdf/mydummy.urdf -> /home/jiehuang/dummyxiao319/ros2/install/dummyxiaox319_description/share/dummyxiaox319_description/urdf
creating /home/jiehuang/dummyxiao319/ros2/install/dummyxiaox319_description/share/dummyxiaox319_description/config
copying config/rviz.rviz -> /home/jiehuang/dummyxiao319/ros2/install/dummyxiaox319_description/share/dummyxiaox319_description/config
creating /home/jiehuang/dummyxiao319/ros2/install/dummyxiaox319_description/share/dummyxiaox319_description/meshes
copying meshes/link1.stl -> /home/jiehuang/dummyxiao319/ros2/install/dummyxiaox319_description/share/dummyxiaox319_description/meshes
copying meshes/link3.stl -> /home/jiehuang/dummyxiao319/ros2/install/dummyxiaox319_description/share/dummyxiaox319_description/meshes
copying meshes/link4.stl -> /home/jiehuang/dummyxiao319/ros2/install/dummyxiaox319_description/share/dummyxiaox319_description/meshes
copying meshes/base_link.stl -> /home/jiehuang/dummyxiao319/ros2/install/dummyxiaox319_description/share/dummyxiaox319_description/meshes
copying meshes/link6.stl -> /home/jiehuang/dummyxiao319/ros2/install/dummyxiaox319_description/share/dummyxiaox319_description/meshes
copying meshes/link5.stl -> /home/jiehuang/dummyxiao319/ros2/install/dummyxiaox319_description/share/dummyxiaox319_description/meshes
copying meshes/link2.stl -> /home/jiehuang/dummyxiao319/ros2/install/dummyxiaox319_description/share/dummyxiaox319_description/meshes
running install_egg_info
Copying ../../build/dummyxiaox319_description/dummyxiaox319_description.egg-info to /home/jiehuang/dummyxiao319/ros2/install/dummyxiaox319_description/lib/python3.10/site-packages/dummyxiaox319_description-0.0.0-py3.10.egg-info
running install_scripts
writing list of installed files to '/home/jiehuang/dummyxiao319/ros2/build/dummyxiaox319_description/install.log'
