[0.286s] Invoking command in '/home/jiehuang/dummyxiao319/ros2/src/dummyxiaox319_description': PYTHONPATH=/home/jiehuang/dummyxiao319/ros2/build/dummyxiaox319_description/prefix_override:/usr/lib/python3/dist-packages/colcon_core/task/python/colcon_distutils_commands:/home/jiehuang/dummyxiao319/ros2/install/dummyxiaox319_description/lib/python3.10/site-packages:${PYTHONPATH} /usr/bin/python3 -W ignore:setup.py install is deprecated -W ignore:easy_install command is deprecated setup.py egg_info --egg-base ../../build/dummyxiaox319_description build --build-base /home/jiehuang/dummyxiao319/ros2/build/dummyxiaox319_description/build install --record /home/jiehuang/dummyxiao319/ros2/build/dummyxiaox319_description/install.log --single-version-externally-managed install_data
[0.399s] running egg_info
[0.399s] creating ../../build/dummyxiaox319_description/dummyxiaox319_description.egg-info
[0.399s] writing ../../build/dummyxiaox319_description/dummyxiaox319_description.egg-info/PKG-INFO
[0.399s] writing dependency_links to ../../build/dummyxiaox319_description/dummyxiaox319_description.egg-info/dependency_links.txt
[0.399s] writing entry points to ../../build/dummyxiaox319_description/dummyxiaox319_description.egg-info/entry_points.txt
[0.399s] writing requirements to ../../build/dummyxiaox319_description/dummyxiaox319_description.egg-info/requires.txt
[0.399s] writing top-level names to ../../build/dummyxiaox319_description/dummyxiaox319_description.egg-info/top_level.txt
[0.399s] writing manifest file '../../build/dummyxiaox319_description/dummyxiaox319_description.egg-info/SOURCES.txt'
[0.400s] reading manifest file '../../build/dummyxiaox319_description/dummyxiaox319_description.egg-info/SOURCES.txt'
[0.400s] writing manifest file '../../build/dummyxiaox319_description/dummyxiaox319_description.egg-info/SOURCES.txt'
[0.400s] running build
[0.400s] running build_py
[0.400s] creating /home/jiehuang/dummyxiao319/ros2/build/dummyxiaox319_description/build
[0.400s] creating /home/jiehuang/dummyxiao319/ros2/build/dummyxiaox319_description/build/lib
[0.400s] creating /home/jiehuang/dummyxiao319/ros2/build/dummyxiaox319_description/build/lib/dummyxiaox319_description
[0.400s] copying dummyxiaox319_description/__init__.py -> /home/jiehuang/dummyxiao319/ros2/build/dummyxiaox319_description/build/lib/dummyxiaox319_description
[0.400s] running install
[0.400s] running install_lib
[0.401s] creating /home/jiehuang/dummyxiao319/ros2/install/dummyxiaox319_description/lib/python3.10/site-packages/dummyxiaox319_description
[0.401s] copying /home/jiehuang/dummyxiao319/ros2/build/dummyxiaox319_description/build/lib/dummyxiaox319_description/__init__.py -> /home/jiehuang/dummyxiao319/ros2/install/dummyxiaox319_description/lib/python3.10/site-packages/dummyxiaox319_description
[0.401s] byte-compiling /home/jiehuang/dummyxiao319/ros2/install/dummyxiaox319_description/lib/python3.10/site-packages/dummyxiaox319_description/__init__.py to __init__.cpython-310.pyc
[0.401s] running install_data
[0.401s] creating /home/jiehuang/dummyxiao319/ros2/install/dummyxiaox319_description/share/ament_index
[0.401s] creating /home/jiehuang/dummyxiao319/ros2/install/dummyxiaox319_description/share/ament_index/resource_index
[0.401s] creating /home/jiehuang/dummyxiao319/ros2/install/dummyxiaox319_description/share/ament_index/resource_index/packages
[0.401s] copying resource/dummyxiaox319_description -> /home/jiehuang/dummyxiao319/ros2/install/dummyxiaox319_description/share/ament_index/resource_index/packages
[0.401s] copying package.xml -> /home/jiehuang/dummyxiao319/ros2/install/dummyxiaox319_description/share/dummyxiaox319_description
[0.401s] creating /home/jiehuang/dummyxiao319/ros2/install/dummyxiaox319_description/share/dummyxiaox319_description/launch
[0.401s] copying launch/gazebo.launch.py -> /home/jiehuang/dummyxiao319/ros2/install/dummyxiaox319_description/share/dummyxiaox319_description/launch
[0.401s] copying launch/display.launch.py -> /home/jiehuang/dummyxiao319/ros2/install/dummyxiaox319_description/share/dummyxiaox319_description/launch
[0.401s] creating /home/jiehuang/dummyxiao319/ros2/install/dummyxiaox319_description/share/dummyxiaox319_description/urdf
[0.401s] copying urdf/dummy_ros2_control.xacro -> /home/jiehuang/dummyxiao319/ros2/install/dummyxiaox319_description/share/dummyxiaox319_description/urdf
[0.401s] copying urdf/mydummy.urdf -> /home/jiehuang/dummyxiao319/ros2/install/dummyxiaox319_description/share/dummyxiaox319_description/urdf
[0.401s] creating /home/jiehuang/dummyxiao319/ros2/install/dummyxiaox319_description/share/dummyxiaox319_description/config
[0.401s] copying config/rviz.rviz -> /home/jiehuang/dummyxiao319/ros2/install/dummyxiaox319_description/share/dummyxiaox319_description/config
[0.401s] creating /home/jiehuang/dummyxiao319/ros2/install/dummyxiaox319_description/share/dummyxiaox319_description/meshes
[0.402s] copying meshes/link1.stl -> /home/jiehuang/dummyxiao319/ros2/install/dummyxiaox319_description/share/dummyxiaox319_description/meshes
[0.404s] copying meshes/link3.stl -> /home/jiehuang/dummyxiao319/ros2/install/dummyxiaox319_description/share/dummyxiaox319_description/meshes
[0.407s] copying meshes/link4.stl -> /home/jiehuang/dummyxiao319/ros2/install/dummyxiaox319_description/share/dummyxiaox319_description/meshes
[0.412s] copying meshes/base_link.stl -> /home/jiehuang/dummyxiao319/ros2/install/dummyxiaox319_description/share/dummyxiaox319_description/meshes
[0.414s] copying meshes/link6.stl -> /home/jiehuang/dummyxiao319/ros2/install/dummyxiaox319_description/share/dummyxiaox319_description/meshes
[0.414s] copying meshes/link5.stl -> /home/jiehuang/dummyxiao319/ros2/install/dummyxiaox319_description/share/dummyxiaox319_description/meshes
[0.414s] copying meshes/link2.stl -> /home/jiehuang/dummyxiao319/ros2/install/dummyxiaox319_description/share/dummyxiaox319_description/meshes
[0.418s] running install_egg_info
[0.419s] Copying ../../build/dummyxiaox319_description/dummyxiaox319_description.egg-info to /home/jiehuang/dummyxiao319/ros2/install/dummyxiaox319_description/lib/python3.10/site-packages/dummyxiaox319_description-0.0.0-py3.10.egg-info
[0.420s] running install_scripts
[0.429s] writing list of installed files to '/home/jiehuang/dummyxiao319/ros2/build/dummyxiaox319_description/install.log'
[0.441s] Invoked command in '/home/jiehuang/dummyxiao319/ros2/src/dummyxiaox319_description' returned '0': PYTHONPATH=/home/jiehuang/dummyxiao319/ros2/build/dummyxiaox319_description/prefix_override:/usr/lib/python3/dist-packages/colcon_core/task/python/colcon_distutils_commands:/home/jiehuang/dummyxiao319/ros2/install/dummyxiaox319_description/lib/python3.10/site-packages:${PYTHONPATH} /usr/bin/python3 -W ignore:setup.py install is deprecated -W ignore:easy_install command is deprecated setup.py egg_info --egg-base ../../build/dummyxiaox319_description build --build-base /home/jiehuang/dummyxiao319/ros2/build/dummyxiaox319_description/build install --record /home/jiehuang/dummyxiao319/ros2/build/dummyxiaox319_description/install.log --single-version-externally-managed install_data
