[0.290s] Invoking command in '/home/jiehuang/dummyxiao319/ros2/src/dummyxiaox319_description': PYTHONPATH=/home/jiehuang/dummyxiao319/ros2/build/dummyxiaox319_description/prefix_override:/usr/lib/python3/dist-packages/colcon_core/task/python/colcon_distutils_commands:/home/jiehuang/dummyxiao319/ros2/install/dummyxiaox319_description/lib/python3.10/site-packages:${PYTHONPATH} /usr/bin/python3 -W ignore:setup.py install is deprecated -W ignore:easy_install command is deprecated setup.py egg_info --egg-base ../../build/dummyxiaox319_description build --build-base /home/jiehuang/dummyxiao319/ros2/build/dummyxiaox319_description/build install --record /home/jiehuang/dummyxiao319/ros2/build/dummyxiaox319_description/install.log --single-version-externally-managed install_data
[0.403s] running egg_info
[0.403s] writing ../../build/dummyxiaox319_description/dummyxiaox319_description.egg-info/PKG-INFO
[0.403s] writing dependency_links to ../../build/dummyxiaox319_description/dummyxiaox319_description.egg-info/dependency_links.txt
[0.403s] writing entry points to ../../build/dummyxiaox319_description/dummyxiaox319_description.egg-info/entry_points.txt
[0.403s] writing requirements to ../../build/dummyxiaox319_description/dummyxiaox319_description.egg-info/requires.txt
[0.403s] writing top-level names to ../../build/dummyxiaox319_description/dummyxiaox319_description.egg-info/top_level.txt
[0.404s] reading manifest file '../../build/dummyxiaox319_description/dummyxiaox319_description.egg-info/SOURCES.txt'
[0.405s] writing manifest file '../../build/dummyxiaox319_description/dummyxiaox319_description.egg-info/SOURCES.txt'
[0.405s] running build
[0.405s] running build_py
[0.405s] running install
[0.405s] running install_lib
[0.405s] running install_data
[0.405s] running install_egg_info
[0.406s] removing '/home/jiehuang/dummyxiao319/ros2/install/dummyxiaox319_description/lib/python3.10/site-packages/dummyxiaox319_description-0.0.0-py3.10.egg-info' (and everything under it)
[0.406s] Copying ../../build/dummyxiaox319_description/dummyxiaox319_description.egg-info to /home/jiehuang/dummyxiao319/ros2/install/dummyxiaox319_description/lib/python3.10/site-packages/dummyxiaox319_description-0.0.0-py3.10.egg-info
[0.407s] running install_scripts
[0.416s] writing list of installed files to '/home/jiehuang/dummyxiao319/ros2/build/dummyxiaox319_description/install.log'
[0.427s] Invoked command in '/home/jiehuang/dummyxiao319/ros2/src/dummyxiaox319_description' returned '0': PYTHONPATH=/home/jiehuang/dummyxiao319/ros2/build/dummyxiaox319_description/prefix_override:/usr/lib/python3/dist-packages/colcon_core/task/python/colcon_distutils_commands:/home/jiehuang/dummyxiao319/ros2/install/dummyxiaox319_description/lib/python3.10/site-packages:${PYTHONPATH} /usr/bin/python3 -W ignore:setup.py install is deprecated -W ignore:easy_install command is deprecated setup.py egg_info --egg-base ../../build/dummyxiaox319_description build --build-base /home/jiehuang/dummyxiao319/ros2/build/dummyxiaox319_description/build install --record /home/jiehuang/dummyxiao319/ros2/build/dummyxiaox319_description/install.log --single-version-externally-managed install_data
